2021-01-22 15:04:54,189 : WARN  : ModalContext :  : Node : File Reader : 0:1 : The file 'file:/Users/goncalo/Documents/MIEI/4%C2%BA%20Ano/MLFA/SBS/Practice/TP1/titanic_dataset.csv' can't be accessed anymore!
2021-01-22 15:05:02,634 : WARN  : main :  : Node : File Reader : 0:1 : Can't access 'file:/Users/goncalo/Documents/MIEI/4%C2%BA%20Ano/MLFA/SBS/Practice/TP1/titanic_dataset.csv'. (/Users/goncalo/Documents/MIEI/4º Ano/MLFA/SBS/Practice/TP1/titanic_dataset.csv (No such file or directory))
2021-01-22 15:05:14,107 : WARN  : ModalContext :  : Node : Excel Reader (XLS) (deprecated) : 3:1 : The file/directory '/Users/goncalo/Documents/MIEI/4º Ano/MLFA/SBS/Practice/TP2/CallsData.xls' can't be accessed anymore!
2021-01-22 15:05:14,114 : WARN  : ModalContext :  : Node : File Reader : 3:4 : The file 'file:/Users/goncalo/Documents/MIEI/4%C2%BA%20Ano/MLFA/SBS/Practice/TP2/ContractData.csv' can't be accessed anymore!
2021-01-22 15:05:19,163 : WARN  : main :  : Node : Color Manager : 3:13 : Column "Churn" has no nominal values set: execute predecessor or add Binner.
2021-01-22 15:05:19,167 : WARN  : main :  : Node : File Reader : 3:4 : Can't access 'file:/Users/goncalo/Documents/MIEI/4%C2%BA%20Ano/MLFA/SBS/Practice/TP2/ContractData.csv'. (/Users/goncalo/Documents/MIEI/4º Ano/MLFA/SBS/Practice/TP2/ContractData.csv (No such file or directory))
2021-01-22 15:05:27,009 : WARN  : ModalContext :  : Node : File Reader : 4:15 : The file 'file:/Users/goncalo/Documents/MIEI/4%C2%BA%20Ano/MLFA/SBS/Practice/TP3/EPL_Player_Stats_2017_2018.csv' can't be accessed anymore!
2021-01-22 15:05:33,597 : WARN  : main :  : Node : Table Reader : 4:1 : Input file '/Users/goncalo/Documents/MIEI/4º Ano/MLFA/SBS/Practice/TP3/data.table' does not exist
2021-01-22 15:05:33,598 : WARN  : main :  : Node : File Reader : 4:15 : Can't access 'file:/Users/goncalo/Documents/MIEI/4%C2%BA%20Ano/MLFA/SBS/Practice/TP3/EPL_Player_Stats_2017_2018.csv'. (/Users/goncalo/Documents/MIEI/4º Ano/MLFA/SBS/Practice/TP3/EPL_Player_Stats_2017_2018.csv (No such file or directory))
2021-01-22 15:05:41,395 : WARN  : ModalContext :  : Node : File Reader : 5:2 : The file 'file:/Users/goncalo/Documents/MIEI/Year%204/MLFA/SBS/Class%204/winequality_learning.csv' can't be accessed anymore!
2021-01-22 15:05:42,286 : WARN  : ModalContext :  : Node : File Reader : 5:33:0:3 : The file 'file:/Users/goncalo/Documents/MIEI/Year%204/MLFA/SBS/Class%204/winequality_test.csv' can't be accessed anymore!
2021-01-22 15:05:42,728 : WARN  : ModalContext :  : Node : File Reader : 5:24:3 : The file 'file:/Users/goncalo/Documents/MIEI/Year%204/MLFA/SBS/Class%204/winequality_test.csv' can't be accessed anymore!
2021-01-22 15:05:47,224 : WARN  : main :  : Node : File Reader : 5:2 : Can't access 'file:/Users/goncalo/Documents/MIEI/Year%204/MLFA/SBS/Class%204/winequality_learning.csv'. (/Users/goncalo/Documents/MIEI/Year 4/MLFA/SBS/Class 4/winequality_learning.csv (No such file or directory))
2021-01-22 15:05:47,226 : WARN  : main :  : Node : File Reader : 5:24:3 : Can't access 'file:/Users/goncalo/Documents/MIEI/Year%204/MLFA/SBS/Class%204/winequality_test.csv'. (/Users/goncalo/Documents/MIEI/Year 4/MLFA/SBS/Class 4/winequality_test.csv (No such file or directory))
2021-01-22 15:06:02,093 : WARN  : ModalContext :  : Node : File Reader : 6:1 : The file 'file:/Users/goncalo/Documents/MIEI/Year%204/MLFA/SBS/Class%205/sales_training_set.csv' can't be accessed anymore!
2021-01-22 15:06:02,409 : WARN  : ModalContext :  : Node : File Reader : 6:44:0:32 : The file 'file:/Users/goncalo/Documents/MIEI/Year%204/MLFA/SBS/Class%205/sales_test_set.csv' can't be accessed anymore!
2021-01-22 15:06:02,484 : WARN  : ModalContext :  : Node : File Reader : 6:50:0:32 : The file 'file:/Users/goncalo/Documents/MIEI/Year%204/MLFA/SBS/Class%205/sales_test_set.csv' can't be accessed anymore!
2021-01-22 15:06:07,282 : WARN  : main :  : Node : File Reader : 6:1 : Can't access 'file:/Users/goncalo/Documents/MIEI/Year%204/MLFA/SBS/Class%205/sales_training_set.csv'. (/Users/goncalo/Documents/MIEI/Year 4/MLFA/SBS/Class 5/sales_training_set.csv (No such file or directory))
2021-01-22 15:06:07,283 : WARN  : main :  : Node : Table Reader : 6:2 : Input file '/Users/goncalo/Documents/MIEI/Year 4/MLFA/SBS/Class 5/lojas.table' does not exist
2021-01-22 15:06:14,719 : WARN  : ModalContext :  : LoadWorkflowRunnable :  :  : Warnings during load: Status: Warning: Workflow 7 loaded with warnings
2021-01-22 15:06:14,719 : WARN  : ModalContext :  : LoadWorkflowRunnable :  :  :   Status: Warning: Workflow 7
2021-01-22 15:06:14,719 : WARN  : ModalContext :  : LoadWorkflowRunnable :  :  :     Status: Warning: GET Request 7:1
2021-01-22 15:06:14,719 : WARN  : ModalContext :  : LoadWorkflowRunnable :  :  :       Status: Warning: Node stores <null> passwords in its configuration. The workflow was saved by an installation, which doesn't store passwords (as per "knime.settings.passwords.forbidden" system property). Node probably needs to be reconfigured.
2021-01-22 15:06:14,719 : WARN  : ModalContext :  : LoadWorkflowRunnable :  :  :     Status: Warning: GET Request 7:166
2021-01-22 15:06:14,719 : WARN  : ModalContext :  : LoadWorkflowRunnable :  :  :       Status: Warning: Node stores <null> passwords in its configuration. The workflow was saved by an installation, which doesn't store passwords (as per "knime.settings.passwords.forbidden" system property). Node probably needs to be reconfigured.
2021-01-22 15:06:14,719 : WARN  : ModalContext :  : LoadWorkflowRunnable :  :  :     Status: Warning: Multiple Cities and Parameters 7:203
2021-01-22 15:06:14,720 : WARN  : ModalContext :  : LoadWorkflowRunnable :  :  :       Status: Warning: GET Request 7:203:0:139
2021-01-22 15:06:14,720 : WARN  : ModalContext :  : LoadWorkflowRunnable :  :  :         Status: Warning: Node stores <null> passwords in its configuration. The workflow was saved by an installation, which doesn't store passwords (as per "knime.settings.passwords.forbidden" system property). Node probably needs to be reconfigured.
2021-01-22 15:06:14,720 : WARN  : ModalContext :  : LoadWorkflowRunnable :  :  :     Status: Warning: GET Request 7:9
2021-01-22 15:06:14,720 : WARN  : ModalContext :  : LoadWorkflowRunnable :  :  :       Status: Warning: Node stores <null> passwords in its configuration. The workflow was saved by an installation, which doesn't store passwords (as per "knime.settings.passwords.forbidden" system property). Node probably needs to be reconfigured.
2021-01-22 15:06:33,557 : WARN  : ModalContext :  : Node : File Reader : 8:10 : Can't access 'file:/Users/goncalo/Documents/MIEI/Year%204/MLFA/SBS/Class%207/Phase%202/credit_card.csv'. (/Users/goncalo/Documents/MIEI/Year 4/MLFA/SBS/Class 7/Phase 2/credit_card.csv (No such file or directory))
2021-01-22 15:06:33,811 : WARN  : ModalContext :  : LoadWorkflowRunnable :  :  : Warnings during load: Status: Warning: Workflow 8 loaded with warnings
2021-01-22 15:06:33,814 : WARN  : ModalContext :  : LoadWorkflowRunnable :  :  :   Status: Warning: Workflow 8
2021-01-22 15:06:33,814 : WARN  : ModalContext :  : LoadWorkflowRunnable :  :  :     Status: Warning: File Reader 8:10
2021-01-22 15:06:33,814 : WARN  : ModalContext :  : LoadWorkflowRunnable :  :  :       Status: Warning: State has changed from CONFIGURED to IDLE
