2020-12-07 17:04:31,962 : WARN  : ModalContext :  : LoadWorkflowRunnable :  :  : Warnings during load: Status: Warning: workflow 0 loaded with warnings
2020-12-07 17:04:31,978 : WARN  : ModalContext :  : LoadWorkflowRunnable :  :  :   Status: Warning: workflow 0
2020-12-07 17:04:31,979 : WARN  : ModalContext :  : LoadWorkflowRunnable :  :  :     Status: Warning: GET Request 0:1
2020-12-07 17:04:31,980 : WARN  : ModalContext :  : LoadWorkflowRunnable :  :  :       Status: Warning: Node stores <null> passwords in its configuration. The workflow was saved by an installation, which doesn't store passwords (as per "knime.settings.passwords.forbidden" system property). Node probably needs to be reconfigured.
2020-12-07 17:04:31,980 : WARN  : ModalContext :  : LoadWorkflowRunnable :  :  :     Status: Warning: GET Request 0:9
2020-12-07 17:04:31,980 : WARN  : ModalContext :  : LoadWorkflowRunnable :  :  :       Status: Warning: Node stores <null> passwords in its configuration. The workflow was saved by an installation, which doesn't store passwords (as per "knime.settings.passwords.forbidden" system property). Node probably needs to be reconfigured.
2020-12-07 17:25:04,224 : WARN  : main :  : Node : GroupBy : 0:20 : No grouping column included. Aggregate complete table.
2020-12-07 17:25:04,226 : WARN  : main :  : Node : GroupBy : 0:20 : No aggregation column defined
2020-12-07 17:25:04,227 : WARN  : main :  : Node : GroupBy : 0:20 : No aggregation column defined
2020-12-07 17:25:04,317 : WARN  : main :  : Node : GroupBy : 0:20 : Please select at least one group or aggregation column
2020-12-07 17:25:38,430 : WARN  : main :  : Node : GroupBy : 0:20 : No grouping column included. Aggregate complete table.
2020-12-07 17:25:38,972 : WARN  : main :  : Node : GroupBy : 0:20 : No grouping column included. Aggregate complete table.
2020-12-07 17:26:34,834 : WARN  : main :  : Node : GroupBy : 0:20 : No grouping column included. Aggregate complete table.
2020-12-07 17:28:14,652 : WARN  : main :  : Node : GET Request : 0:9 : Input table required to execute. The node is configured to use a URL from the column 'request' of the input table.
2020-12-07 17:28:16,467 : WARN  : main :  : Node : GET Request : 0:9 : Input table required to execute. The node is configured to use a URL from the column 'request' of the input table.
2020-12-07 17:29:00,539 : WARN  : main :  : Node : GET Request : 0:9 : Errors overwriting node settings with flow variables: Unknown variable "request"
2020-12-07 17:31:29,683 : WARN  : main :  : Node : GET Request : 0:9 : Input table required to execute. The node is configured to use a URL from the column 'request' of the input table.
2020-12-07 17:33:54,730 : WARN  : main :  : Node : GET Request : 0:9 : Input table required to execute. The node is configured to use a URL from the column 'request' of the input table.
2020-12-07 17:49:45,381 : WARN  : KNIME-Worker-18-POST Request 0:20 :  : Node : JSON to Table : 0:21 : No JSON columns are available.
2020-12-07 17:50:10,858 : WARN  : main :  : Node : POST Request : 0:20 : Input table required to execute. The node is configured to use a URL from the column 'request' of the input table.
2020-12-07 17:51:14,425 : WARN  : KNIME-Worker-23-Table Creator 0:15 :  : Node : Table Creator : 0:15 : Node created an empty data table.
2020-12-07 17:51:14,426 : WARN  : KNIME-Worker-19-Table Creator 0:6 :  : Node : Table Creator : 0:6 : Node created an empty data table.
2020-12-07 17:51:27,543 : WARN  : KNIME-Worker-25-Transpose 0:19 :  : Node : JSON to Table : 0:16 : No JSON columns are available.
2020-12-07 18:02:07,945 : WARN  : main :  : Node : JSON to Table : 0:20 : There are multiple JSON columns. Automatically selected "results (#1)" as input column.
2020-12-07 18:04:47,573 : WARN  : main :  : Node : JSON to Table : 0:21 : There are multiple JSON columns. Automatically selected "coordinates" as input column.
2020-12-07 18:04:47,575 : WARN  : main :  : Node : JSON to Table : 0:21 : There are multiple JSON columns. Automatically selected "measurements (#1)" as input column.
2020-12-07 18:04:47,575 : WARN  : main :  : Node : JSON to Table : 0:21 : There are multiple JSON columns. Automatically selected "measurements (#2)" as input column.
2020-12-07 18:04:47,575 : WARN  : main :  : Node : JSON to Table : 0:21 : There are multiple JSON columns. Automatically selected "measurements (#3)" as input column.
2020-12-07 18:04:47,575 : WARN  : main :  : Node : JSON to Table : 0:21 : There are multiple JSON columns. Automatically selected "measurements (#4)" as input column.
2020-12-07 18:21:23,660 : WARN  : main :  : Node : JSON to Table : 0:21 : There are multiple JSON columns. Automatically selected "coordinates" as input column.
2020-12-07 18:21:23,662 : WARN  : main :  : Node : JSON to Table : 0:21 : There are multiple JSON columns. Automatically selected "measurements (#1)" as input column.
2020-12-07 18:21:23,662 : WARN  : main :  : Node : JSON to Table : 0:21 : There are multiple JSON columns. Automatically selected "measurements (#2)" as input column.
2020-12-07 18:21:23,662 : WARN  : main :  : Node : JSON to Table : 0:21 : There are multiple JSON columns. Automatically selected "measurements (#3)" as input column.
2020-12-07 18:21:23,662 : WARN  : main :  : Node : JSON to Table : 0:21 : There are multiple JSON columns. Automatically selected "measurements (#4)" as input column.
2020-12-07 18:27:32,044 : WARN  : KNIME-Worker-69-Transpose 0:19 :  : Node : JSON to Table : 0:16 : There are multiple JSON columns. Automatically selected "results (#2)" as input column.
2020-12-07 18:27:32,045 : WARN  : KNIME-Worker-69-Transpose 0:19 :  : Node : JSON to Table : 0:16 : There are multiple JSON columns. Automatically selected "results (#3)" as input column.
2020-12-07 18:27:32,045 : WARN  : KNIME-Worker-69-Transpose 0:19 :  : Node : JSON to Table : 0:16 : There are multiple JSON columns. Automatically selected "results (#4)" as input column.
2020-12-07 18:27:32,045 : WARN  : KNIME-Worker-69-Transpose 0:19 :  : Node : JSON to Table : 0:16 : There are multiple JSON columns. Automatically selected "results (#5)" as input column.
2020-12-07 18:27:32,045 : WARN  : KNIME-Worker-69-Transpose 0:19 :  : Node : JSON to Table : 0:16 : There are multiple JSON columns. Automatically selected "results (#6)" as input column.
2020-12-07 18:27:32,045 : WARN  : KNIME-Worker-69-Transpose 0:19 :  : Node : JSON to Table : 0:16 : There are multiple JSON columns. Automatically selected "results (#7)" as input column.
2020-12-07 18:27:32,045 : WARN  : KNIME-Worker-69-Transpose 0:19 :  : Node : JSON to Table : 0:16 : There are multiple JSON columns. Automatically selected "results (#8)" as input column.
2020-12-07 18:27:32,046 : WARN  : KNIME-Worker-69-Transpose 0:19 :  : Node : JSON to Table : 0:16 : There are multiple JSON columns. Automatically selected "results (#9)" as input column.
2020-12-07 18:27:32,046 : WARN  : KNIME-Worker-69-Transpose 0:19 :  : Node : JSON to Table : 0:16 : There are multiple JSON columns. Automatically selected "results (#10)" as input column.
2020-12-07 18:27:32,046 : WARN  : KNIME-Worker-69-Transpose 0:19 :  : Node : JSON to Table : 0:16 : There are multiple JSON columns. Automatically selected "results (#11)" as input column.
2020-12-07 18:27:32,046 : WARN  : KNIME-Worker-69-Transpose 0:19 :  : Node : JSON to Table : 0:16 : There are multiple JSON columns. Automatically selected "results (#12)" as input column.
2020-12-07 18:27:32,046 : WARN  : KNIME-Worker-69-Transpose 0:19 :  : Node : JSON to Table : 0:16 : There are multiple JSON columns. Automatically selected "results (#13)" as input column.
2020-12-07 18:27:32,046 : WARN  : KNIME-Worker-69-Transpose 0:19 :  : Node : JSON to Table : 0:16 : There are multiple JSON columns. Automatically selected "results (#14)" as input column.
2020-12-07 18:27:32,046 : WARN  : KNIME-Worker-69-Transpose 0:19 :  : Node : JSON to Table : 0:16 : There are multiple JSON columns. Automatically selected "results (#15)" as input column.
2020-12-07 18:27:32,046 : WARN  : KNIME-Worker-69-Transpose 0:19 :  : Node : JSON to Table : 0:16 : There are multiple JSON columns. Automatically selected "results (#16)" as input column.
2020-12-07 18:30:27,193 : WARN  : main :  : Node : String Manipulation : 0:8 : No such column: city_formated (at line 1)
2020-12-07 18:30:27,675 : WARN  : main :  : Node : String Manipulation : 0:8 : No such column: city_formated (at line 1)
2020-12-07 19:44:30,534 : WARN  : main :  : Node : GroupBy : 0:24 : No grouping column included. Aggregate complete table.
2020-12-07 19:44:30,537 : WARN  : main :  : Node : GroupBy : 0:24 : No aggregation column defined
2020-12-07 19:44:30,537 : WARN  : main :  : Node : GroupBy : 0:24 : No aggregation column defined
2020-12-07 19:44:30,537 : WARN  : main :  : Node : GroupBy : 0:24 : Please select at least one group or aggregation column
2020-12-07 19:45:13,274 : WARN  : main :  : Node : Sorter : 0:24 : No selected columns to sort
2020-12-07 19:52:46,582 : WARN  : main :  : Node : GET Request : 0:30 : The configured URL column 'request' is missing in the input table.
2020-12-07 19:52:47,308 : WARN  : main :  : Node : GET Request : 0:30 : The configured URL column 'request' is missing in the input table.
2020-12-07 19:57:38,368 : WARN  : main :  : WrappedNodeDialog : String Manipulation : 0:36 : failed to apply settings: No such column: city (at line 1)
org.knime.core.node.InvalidSettingsException: No such column: city (at line 1)
	at org.knime.ext.sun.nodes.script.expression.Expression.compile(Expression.java:582)
	at org.knime.base.node.preproc.stringmanipulation.StringManipulationNodeDialog.saveSettingsTo(StringManipulationNodeDialog.java:417)
	at org.knime.core.node.NodeDialogPane.internalSaveSettingsTo(NodeDialogPane.java:532)
	at org.knime.core.node.NodeDialogPane$4.run(NodeDialogPane.java:766)
	at org.knime.core.node.util.ViewUtils$3.run(ViewUtils.java:353)
	at org.knime.core.node.util.ViewUtils$2.run(ViewUtils.java:155)
	at java.awt.event.InvocationEvent.dispatch(InvocationEvent.java:311)
	at java.awt.EventQueue.dispatchEventImpl(EventQueue.java:758)
	at java.awt.EventQueue.access$500(EventQueue.java:97)
	at java.awt.EventQueue$3.run(EventQueue.java:709)
	at java.awt.EventQueue$3.run(EventQueue.java:703)
	at java.security.AccessController.doPrivileged(Native Method)
	at java.security.ProtectionDomain$JavaSecurityAccessImpl.doIntersectionPrivilege(ProtectionDomain.java:74)
	at java.awt.EventQueue.dispatchEvent(EventQueue.java:728)
	at java.awt.EventDispatchThread.pumpOneEventForFilters(EventDispatchThread.java:205)
	at java.awt.EventDispatchThread.pumpEventsForFilter(EventDispatchThread.java:116)
	at java.awt.EventDispatchThread.pumpEventsForHierarchy(EventDispatchThread.java:105)
	at java.awt.EventDispatchThread.pumpEvents(EventDispatchThread.java:101)
	at java.awt.EventDispatchThread.pumpEvents(EventDispatchThread.java:93)
	at java.awt.EventDispatchThread.run(EventDispatchThread.java:82)
2020-12-07 19:57:43,116 : WARN  : main :  : WrappedNodeDialog : String Manipulation : 0:36 : failed to apply settings: No such column: city (at line 1)
org.knime.core.node.InvalidSettingsException: No such column: city (at line 1)
	at org.knime.ext.sun.nodes.script.expression.Expression.compile(Expression.java:582)
	at org.knime.base.node.preproc.stringmanipulation.StringManipulationNodeDialog.saveSettingsTo(StringManipulationNodeDialog.java:417)
	at org.knime.core.node.NodeDialogPane.internalSaveSettingsTo(NodeDialogPane.java:532)
	at org.knime.core.node.NodeDialogPane$4.run(NodeDialogPane.java:766)
	at org.knime.core.node.util.ViewUtils$3.run(ViewUtils.java:353)
	at org.knime.core.node.util.ViewUtils$2.run(ViewUtils.java:155)
	at java.awt.event.InvocationEvent.dispatch(InvocationEvent.java:311)
	at java.awt.EventQueue.dispatchEventImpl(EventQueue.java:758)
	at java.awt.EventQueue.access$500(EventQueue.java:97)
	at java.awt.EventQueue$3.run(EventQueue.java:709)
	at java.awt.EventQueue$3.run(EventQueue.java:703)
	at java.security.AccessController.doPrivileged(Native Method)
	at java.security.ProtectionDomain$JavaSecurityAccessImpl.doIntersectionPrivilege(ProtectionDomain.java:74)
	at java.awt.EventQueue.dispatchEvent(EventQueue.java:728)
	at java.awt.EventDispatchThread.pumpOneEventForFilters(EventDispatchThread.java:205)
	at java.awt.EventDispatchThread.pumpEventsForFilter(EventDispatchThread.java:116)
	at java.awt.EventDispatchThread.pumpEventsForHierarchy(EventDispatchThread.java:105)
	at java.awt.EventDispatchThread.pumpEvents(EventDispatchThread.java:101)
	at java.awt.EventDispatchThread.pumpEvents(EventDispatchThread.java:93)
	at java.awt.EventDispatchThread.run(EventDispatchThread.java:82)
2020-12-07 20:18:30,747 : WARN  : main :  : Node : GET Request : 0:30 : Input table required to execute. The node is configured to use a URL from the column 'request' of the input table.
2020-12-07 20:21:10,508 : WARN  : main :  : Node : GET Request : 0:61 : Input table required to execute. The node is configured to use a URL from the column 'request' of the input table.
2020-12-07 20:23:30,039 : WARN  : main :  : Node : GET Request : 0:9 : Input table required to execute. The node is configured to use a URL from the column 'request' of the input table.
2020-12-07 20:27:18,240 : WARN  : main :  : Node : GET Request : 0:47 : Input table required to execute. The node is configured to use a URL from the column 'request' of the input table.
2020-12-07 20:27:34,972 : WARN  : KNIME-Worker-97-GET Request 0:60:1 :  : Node : JSON to Table : 0:60:2 : No JSON columns are available.
2020-12-07 20:28:28,631 : WARN  : main :  : WrappedNodeDialog : String Manipulation : 0:59:0:8 : failed to apply settings: No such column: city (at line 1)
org.knime.core.node.InvalidSettingsException: No such column: city (at line 1)
	at org.knime.ext.sun.nodes.script.expression.Expression.compile(Expression.java:582)
	at org.knime.base.node.preproc.stringmanipulation.StringManipulationNodeDialog.saveSettingsTo(StringManipulationNodeDialog.java:417)
	at org.knime.core.node.NodeDialogPane.internalSaveSettingsTo(NodeDialogPane.java:532)
	at org.knime.core.node.NodeDialogPane$4.run(NodeDialogPane.java:766)
	at org.knime.core.node.util.ViewUtils$3.run(ViewUtils.java:353)
	at org.knime.core.node.util.ViewUtils$2.run(ViewUtils.java:155)
	at java.awt.event.InvocationEvent.dispatch(InvocationEvent.java:311)
	at java.awt.EventQueue.dispatchEventImpl(EventQueue.java:758)
	at java.awt.EventQueue.access$500(EventQueue.java:97)
	at java.awt.EventQueue$3.run(EventQueue.java:709)
	at java.awt.EventQueue$3.run(EventQueue.java:703)
	at java.security.AccessController.doPrivileged(Native Method)
	at java.security.ProtectionDomain$JavaSecurityAccessImpl.doIntersectionPrivilege(ProtectionDomain.java:74)
	at java.awt.EventQueue.dispatchEvent(EventQueue.java:728)
	at java.awt.EventDispatchThread.pumpOneEventForFilters(EventDispatchThread.java:205)
	at java.awt.EventDispatchThread.pumpEventsForFilter(EventDispatchThread.java:116)
	at java.awt.EventDispatchThread.pumpEventsForHierarchy(EventDispatchThread.java:105)
	at java.awt.EventDispatchThread.pumpEvents(EventDispatchThread.java:101)
	at java.awt.EventDispatchThread.pumpEvents(EventDispatchThread.java:93)
	at java.awt.EventDispatchThread.run(EventDispatchThread.java:82)
2020-12-07 20:28:31,668 : WARN  : main :  : WrappedNodeDialog : String Manipulation : 0:59:0:8 : failed to apply settings: No such column: city (at line 1)
org.knime.core.node.InvalidSettingsException: No such column: city (at line 1)
	at org.knime.ext.sun.nodes.script.expression.Expression.compile(Expression.java:582)
	at org.knime.base.node.preproc.stringmanipulation.StringManipulationNodeDialog.saveSettingsTo(StringManipulationNodeDialog.java:417)
	at org.knime.core.node.NodeDialogPane.internalSaveSettingsTo(NodeDialogPane.java:532)
	at org.knime.core.node.NodeDialogPane$4.run(NodeDialogPane.java:766)
	at org.knime.core.node.util.ViewUtils$3.run(ViewUtils.java:353)
	at org.knime.core.node.util.ViewUtils$2.run(ViewUtils.java:155)
	at java.awt.event.InvocationEvent.dispatch(InvocationEvent.java:311)
	at java.awt.EventQueue.dispatchEventImpl(EventQueue.java:758)
	at java.awt.EventQueue.access$500(EventQueue.java:97)
	at java.awt.EventQueue$3.run(EventQueue.java:709)
	at java.awt.EventQueue$3.run(EventQueue.java:703)
	at java.security.AccessController.doPrivileged(Native Method)
	at java.security.ProtectionDomain$JavaSecurityAccessImpl.doIntersectionPrivilege(ProtectionDomain.java:74)
	at java.awt.EventQueue.dispatchEvent(EventQueue.java:728)
	at java.awt.EventDispatchThread.pumpOneEventForFilters(EventDispatchThread.java:205)
	at java.awt.EventDispatchThread.pumpEventsForFilter(EventDispatchThread.java:116)
	at java.awt.EventDispatchThread.pumpEventsForHierarchy(EventDispatchThread.java:105)
	at java.awt.EventDispatchThread.pumpEvents(EventDispatchThread.java:101)
	at java.awt.EventDispatchThread.pumpEvents(EventDispatchThread.java:93)
	at java.awt.EventDispatchThread.run(EventDispatchThread.java:82)
2020-12-07 20:29:13,054 : WARN  : KNIME-Worker-100-GET Request 0:60:1 :  : Node : JSON to Table : 0:60:2 : No JSON columns are available.
2020-12-07 20:29:21,740 : WARN  : main :  : Node : JSON to Table : 0:60:6 : No JSON columns are available.
2020-12-07 20:29:44,270 : WARN  : KNIME-Worker-101-GET Request 0:60:1 :  : Node : JSON to Table : 0:60:2 : No JSON columns are available.
2020-12-07 20:32:53,003 : WARN  : KNIME-Worker-105-GET Request 0:60:1 :  : Node : JSON to Table : 0:60:2 : No JSON columns are available.
2020-12-07 20:40:45,263 : WARN  : main :  : Node : GET Request : 0:47 : Input table required to execute. The node is configured to use a URL from the column 'request' of the input table.
2020-12-07 20:40:56,313 : WARN  : main :  : Node : GET Request : 0:9 : Input table required to execute. The node is configured to use a URL from the column 'request' of the input table.
2020-12-07 20:41:59,237 : WARN  : main :  : Node : GET Request : 0:9 : The configured URL column 'request' is missing in the input table.
2020-12-07 20:42:00,002 : WARN  : main :  : Node : GET Request : 0:9 : The configured URL column 'request' is missing in the input table.
2020-12-07 21:01:36,948 : WARN  : main :  : Node : GET Request : 0:47 : The configured URL column 'request' is missing in the input table.
2020-12-07 21:01:40,186 : WARN  : main :  : Node : GET Request : 0:60 : The configured URL column 'request' is missing in the input table.
2020-12-07 21:01:53,111 : WARN  : main :  : Node : GET Request : 0:70 : The configured URL column 'request' is missing in the input table.
2020-12-07 21:02:03,771 : WARN  : main :  : Node : GET Request : 0:80 : The configured URL column 'request' is missing in the input table.
2020-12-07 21:02:10,432 : WARN  : main :  : Node : GET Request : 0:90 : The configured URL column 'request' is missing in the input table.
2020-12-07 21:02:27,464 : WARN  : main :  : Node : GET Request : 0:98 : The configured URL column 'request' is missing in the input table.
2020-12-07 21:02:33,028 : WARN  : KNIME-Worker-118-String Manipulation 0:93 :  : Node : GET Request : 0:70 : The configured URL column 'request' is missing in the input table.
2020-12-07 21:02:33,038 : WARN  : KNIME-Worker-121-String Manipulation 0:92 :  : Node : GET Request : 0:60 : The configured URL column 'request' is missing in the input table.
2020-12-07 21:02:33,045 : WARN  : KNIME-Worker-119-Column Filter 0:61 :  : Node : GET Request : 0:60 : The configured URL column 'request' is missing in the input table.
2020-12-07 21:02:33,050 : WARN  : KNIME-Worker-120-Column Filter 0:71 :  : Node : GET Request : 0:70 : The configured URL column 'request' is missing in the input table.
2020-12-07 21:02:33,066 : WARN  : KNIME-Worker-122-String Manipulation 0:95 :  : Node : GET Request : 0:90 : The configured URL column 'request' is missing in the input table.
2020-12-07 21:02:33,069 : WARN  : KNIME-Worker-116-String Manipulation 0:51 :  : Node : GET Request : 0:47 : The configured URL column 'request' is missing in the input table.
2020-12-07 21:02:33,073 : WARN  : KNIME-Worker-118-Column Filter 0:45 :  : Node : GET Request : 0:47 : The configured URL column 'request' is missing in the input table.
2020-12-07 21:02:33,080 : WARN  : KNIME-Worker-115-Column Filter 0:91 :  : Node : GET Request : 0:90 : The configured URL column 'request' is missing in the input table.
2020-12-07 21:02:33,093 : WARN  : KNIME-Worker-117-String Manipulation 0:106 :  : Node : GET Request : 0:98 : The configured URL column 'request' is missing in the input table.
2020-12-07 21:02:33,094 : WARN  : KNIME-Worker-123-String Manipulation 0:94 :  : Node : GET Request : 0:80 : The configured URL column 'request' is missing in the input table.
2020-12-07 21:02:33,095 : WARN  : KNIME-Worker-119-Column Filter 0:81 :  : Node : GET Request : 0:80 : The configured URL column 'request' is missing in the input table.
2020-12-07 21:02:33,095 : WARN  : KNIME-Worker-121-Column Filter 0:99 :  : Node : GET Request : 0:98 : The configured URL column 'request' is missing in the input table.
2020-12-07 21:03:30,563 : WARN  : KNIME-Worker-124-JSON to Table 0:78 :  : Node : JSON to Table : 0:76 : No JSON columns are available.
2020-12-07 21:03:30,564 : WARN  : KNIME-Worker-128-Column Filter 0:79 :  : Node : JSON to Table : 0:76 : No JSON columns are available.
2020-12-07 21:03:31,129 : WARN  : KNIME-Worker-127-JSON to Table 0:67 :  : Node : Double To Int : 0:62 : No columns selected
2020-12-07 21:03:31,130 : WARN  : KNIME-Worker-121-Column Filter 0:65 :  : Node : Double To Int : 0:62 : No columns selected
2020-12-07 21:03:31,130 : WARN  : KNIME-Worker-120-Double To Int 0:62 :  : Node : Double To Int : 0:62 : No columns selected, returning input DataTable.
2020-12-07 21:04:00,423 : WARN  : KNIME-Worker-115-JSON to Table 0:78 :  : Node : JSON to Table : 0:76 : No JSON columns are available.
2020-12-07 21:04:00,429 : WARN  : KNIME-Worker-128-Column Filter 0:79 :  : Node : JSON to Table : 0:76 : No JSON columns are available.
2020-12-07 21:04:20,839 : WARN  : KNIME-Worker-122-JSON to Table 0:78 :  : Node : JSON to Table : 0:76 : No JSON columns are available.
2020-12-07 21:04:20,841 : WARN  : KNIME-Worker-125-Column Filter 0:79 :  : Node : JSON to Table : 0:76 : No JSON columns are available.
2020-12-07 23:01:58,722 : WARN  : KNIME-Worker-133-JSON to Table 0:78 :  : Node : JSON to Table : 0:76 : No JSON columns are available.
2020-12-07 23:01:58,725 : WARN  : KNIME-Worker-134-Column Filter 0:79 :  : Node : JSON to Table : 0:76 : No JSON columns are available.
2020-12-07 23:07:48,696 : WARN  : KNIME-Worker-143-Missing Value 0:107 :  : Node : Missing Value : 0:107 : Column "value" still contains missing values.
2020-12-07 23:15:03,011 : WARN  : KNIME-Worker-146-Missing Value 0:112 :  : Node : Missing Value : 0:112 : Column "measurements (#5)" still contains missing values.
Column "measurements (#6)" still contains missing values.
2020-12-07 23:15:03,012 : WARN  : KNIME-Worker-148-Missing Value 0:109 :  : Node : Missing Value : 0:109 : Column "measurements (#5)" still contains missing values.
Column "measurements (#6)" still contains missing values.
Column "value" still contains missing values.
2020-12-07 23:15:03,012 : WARN  : KNIME-Worker-145-Missing Value 0:108 :  : Node : Missing Value : 0:108 : Column "measurements (#5)" still contains missing values.
Column "measurements (#6)" still contains missing values.
2020-12-07 23:15:03,012 : WARN  : KNIME-Worker-147-Missing Value 0:111 :  : Node : Missing Value : 0:111 : Column "measurements (#5)" still contains missing values.
2020-12-07 23:15:41,112 : WARN  : KNIME-Worker-149-Missing Value 0:111 :  : Node : Missing Value : 0:111 : Column "measurements (#5)" still contains missing values.
2020-12-07 23:57:23,523 : WARN  : main :  : Node : Joiner : 0:113 : Please define at least one joining column pair.
2020-12-07 23:59:42,154 : WARN  : main :  : Node : JSON to Table : 0:76 : No JSON columns are available.
2020-12-07 23:59:42,817 : WARN  : main :  : Node : JSON to Table : 0:76 : No JSON columns are available.
2020-12-08 00:00:02,613 : WARN  : KNIME-Worker-160-Column Filter 0:79 :  : Node : JSON to Table : 0:76 : No JSON columns are available.
2020-12-08 00:00:02,695 : WARN  : KNIME-Worker-160-Missing Value 0:112 :  : Node : Missing Value : 0:112 : Column "measurements (#5)" still contains missing values.
Column "measurements (#6)" still contains missing values.
2020-12-08 00:00:02,709 : WARN  : KNIME-Worker-158-Missing Value 0:109 :  : Node : Missing Value : 0:109 : Column "measurements (#5)" still contains missing values.
Column "measurements (#6)" still contains missing values.
Column "value" still contains missing values.
2020-12-08 00:00:02,719 : WARN  : KNIME-Worker-156-Missing Value 0:108 :  : Node : Missing Value : 0:108 : Column "measurements (#5)" still contains missing values.
Column "measurements (#6)" still contains missing values.
2020-12-08 00:00:02,734 : WARN  : KNIME-Worker-155-Missing Value 0:111 :  : Node : Missing Value : 0:111 : Column "measurements (#5)" still contains missing values.
2020-12-08 00:01:21,951 : WARN  : main :  : Node : Joiner : 0:114 : Please define at least one joining column pair.
2020-12-08 00:02:30,318 : WARN  : main :  : Node : Joiner : 0:115 : Please define at least one joining column pair.
2020-12-08 00:02:30,942 : WARN  : main :  : Node : Joiner : 0:115 : Please define at least one joining column pair.
2020-12-08 00:03:54,046 : WARN  : KNIME-Worker-167-Missing Value 0:108 :  : Node : Missing Value : 0:108 : Column "measurements (#5)" still contains missing values.
Column "measurements (#6)" still contains missing values.
2020-12-08 00:08:30,754 : WARN  : KNIME-Worker-171-Missing Value 0:109 :  : Node : Missing Value : 0:109 : Column "value" still contains missing values.
